<?xml version="1.0" encoding="UTF-8"?>
<beans xmlns="http://www.springframework.org/schema/beans"
	xmlns:xsi="http://www.w3.org/2001/XMLSchema-instance" xmlns:context="http://www.springframework.org/schema/context"
	xmlns:tx="http://www.springframework.org/schema/tx" xmlns:aop="http://www.springframework.org/schema/aop"
	xmlns:cache="http://www.springframework.org/schema/cache"
	xsi:schemaLocation="
  http://www.springframework.org/schema/context http://www.springframework.org/schema/context/spring-context-4.3.xsd
  http://www.springframework.org/schema/beans http://www.springframework.org/schema/beans/spring-beans-4.3.xsd
  http://mybatis.org/schema/mybatis-spring http://mybatis.org/schema/mybatis-spring.xsd
  http://www.springframework.org/schema/tx http://www.springframework.org/schema/tx/spring-tx-4.3.xsd
  http://www.springframework.org/schema/aop http://www.springframework.org/schema/aop/spring-aop-4.3.xsd
  http://www.springframework.org/schema/cache http://www.springframework.org/schema/cache/spring-cache-4.3.xsd">

	<context:component-scan base-package="me.ooi.demo.testspring43_tx.jpa"/>
	
	<bean name="dataSource" class="org.springframework.jdbc.datasource.DriverManagerDataSource">
	    <property name="driverClassName" value="com.mysql.jdbc.Driver" />
	    <property name="url" value="jdbc:mysql://127.0.0.1:3306/mytest?useUnicode=true&amp;characterEncoding=utf8&amp;autoReconnect=true&amp;pinGlobalTxToPhysicalConnection=true&amp;useSSL=false" />
	    <property name="username" value="root" />
	    <property name="password" value="root" />
	</bean>
    
    <bean id="emf" class="org.springframework.orm.jpa.LocalContainerEntityManagerFactoryBean">
		<property name="persistenceUnitName" value="poi"/>
    	<property name="dataSource" ref="dataSource"/>
		<property name="persistenceProvider">
            <bean class="org.hibernate.ejb.HibernatePersistence"/>
        </property>
    	<property name="packagesToScan" value="me.ooi.demo.testhibernate420.po"/>
    	<property name="jpaProperties">
    		<props>
    			<prop key="hibernate.dialect">org.hibernate.dialect.MySQLDialect</prop>
    			<prop key="hibernate.show_sql">true</prop>
    			<prop key="hibernate.hbm2ddl.auto">none</prop>
    		</props>
    	</property>
    </bean>
    
    <bean id="txManager" class="org.springframework.orm.jpa.JpaTransactionManager">
        <property name="entityManagerFactory" ref="emf"/>
    </bean>
    
    <tx:annotation-driven transaction-manager="txManager"/>
    <aop:aspectj-autoproxy expose-proxy="true"/> 
    
</beans>