<?xml version="1.0" encoding="UTF-8"?>
<beans xmlns="http://www.springframework.org/schema/beans"
	xmlns:xsi="http://www.w3.org/2001/XMLSchema-instance" xmlns:context="http://www.springframework.org/schema/context"
	xmlns:tx="http://www.springframework.org/schema/tx" xmlns:aop="http://www.springframework.org/schema/aop"
	xmlns:cache="http://www.springframework.org/schema/cache"
	xsi:schemaLocation="
  http://www.springframework.org/schema/context http://www.springframework.org/schema/context/spring-context-4.3.xsd
  http://www.springframework.org/schema/beans http://www.springframework.org/schema/beans/spring-beans-4.3.xsd
  http://mybatis.org/schema/mybatis-spring http://mybatis.org/schema/mybatis-spring.xsd
  http://www.springframework.org/schema/tx http://www.springframework.org/schema/tx/spring-tx-4.3.xsd
  http://www.springframework.org/schema/aop http://www.springframework.org/schema/aop/spring-aop-4.3.xsd
  http://www.springframework.org/schema/cache http://www.springframework.org/schema/cache/spring-cache-4.3.xsd">

	<bean id="u1" class="me.ooi.demo.testspring43.User" scope="prototype">
		<property name="name" value="n1"/>
	</bean>
	
	<bean id="u0" class="me.ooi.demo.testspring43.User" scope="singleton">
		<property name="name" value="n0"/>
	</bean>
	
	<bean id="w" class="me.ooi.demo.testspring43.World" scope="singleton">
		<property name="users">
			<list>
				<ref bean="u1"/>
				<ref bean="u1"/>
				<ref bean="u0"/>
				<ref bean="u0"/>
			</list>
		</property>
	</bean>
	
</beans>