<?xml version="1.0" encoding="UTF-8"?>
<beans xmlns="http://www.springframework.org/schema/beans"
	xmlns:xsi="http://www.w3.org/2001/XMLSchema-instance" xmlns:context="http://www.springframework.org/schema/context"
	xmlns:tx="http://www.springframework.org/schema/tx" xmlns:aop="http://www.springframework.org/schema/aop"
	xmlns:cache="http://www.springframework.org/schema/cache"
	xsi:schemaLocation="
  http://www.springframework.org/schema/context http://www.springframework.org/schema/context/spring-context-4.3.xsd
  http://www.springframework.org/schema/beans http://www.springframework.org/schema/beans/spring-beans-4.3.xsd
  http://mybatis.org/schema/mybatis-spring http://mybatis.org/schema/mybatis-spring.xsd
  http://www.springframework.org/schema/tx http://www.springframework.org/schema/tx/spring-tx-4.3.xsd
  http://www.springframework.org/schema/aop http://www.springframework.org/schema/aop/spring-aop-4.3.xsd
  http://www.springframework.org/schema/cache http://www.springframework.org/schema/cache/spring-cache-4.3.xsd">


	<bean id="userService2" class="me.ooi.demo.testspring43.aop2.UserService2" scope="singleton"/>
	
	<bean id="userAspectAround" class="me.ooi.demo.testspring43.aop2.UserAspectAround" scope="singleton"/>
	<bean id="userAspectThrows" class="me.ooi.demo.testspring43.aop2.UserAspectThrows" scope="singleton"/>
	
	<aop:config>
		<aop:pointcut id="pointcut1" expression="execution(* me.ooi.demo.testspring43.aop2.UserService2.saveUser(..))"/>
		<aop:pointcut id="pointcut2" expression="execution(* me.ooi.demo.testspring43.aop2.UserService2.updateUser(..))"/>
		<aop:advisor advice-ref="userAspectAround" pointcut-ref="pointcut1"/>
		<aop:advisor advice-ref="userAspectThrows" pointcut-ref="pointcut2"/>
	</aop:config>
	
</beans>