<?xml version="1.0" encoding="UTF-8"?>
<beans xmlns="http://www.springframework.org/schema/beans"
	xmlns:xsi="http://www.w3.org/2001/XMLSchema-instance" xmlns:context="http://www.springframework.org/schema/context"
	xmlns:tx="http://www.springframework.org/schema/tx" xmlns:aop="http://www.springframework.org/schema/aop"
	xmlns:cache="http://www.springframework.org/schema/cache"
	xsi:schemaLocation="
  http://www.springframework.org/schema/context http://www.springframework.org/schema/context/spring-context-4.3.xsd
  http://www.springframework.org/schema/beans http://www.springframework.org/schema/beans/spring-beans-4.3.xsd
  http://mybatis.org/schema/mybatis-spring http://mybatis.org/schema/mybatis-spring.xsd
  http://www.springframework.org/schema/tx http://www.springframework.org/schema/tx/spring-tx-4.3.xsd
  http://www.springframework.org/schema/aop http://www.springframework.org/schema/aop/spring-aop-4.3.xsd
  http://www.springframework.org/schema/cache http://www.springframework.org/schema/cache/spring-cache-4.3.xsd">


	<bean id="userService" class="me.ooi.demo.testspring43.aop.UserService" scope="singleton"/>
	
	<bean id="userAspect" class="me.ooi.demo.testspring43.aop.UserAspect" scope="singleton"/>
	
	<aop:config>
		<aop:pointcut id="pointcut1" expression="execution(* me.ooi.demo.testspring43.aop.UserService.saveUser(..))"/>
		<aop:pointcut id="pointcut2" expression="execution(* me.ooi.demo.testspring43.aop.UserService.updateUser(..))"/>
		<aop:aspect ref="userAspect">
			<aop:before method="pointcut1Before" pointcut-ref="pointcut1"/>
			<aop:before method="pointcut1Before2" pointcut-ref="pointcut1"/>
			<aop:after method="pointcut1After" pointcut-ref="pointcut1"/>
			<aop:around method="pointcut1Around" pointcut-ref="pointcut1"/>
			<aop:after-returning method="pointcut1AfterReturning" pointcut-ref="pointcut1" returning="ret"/>
			<aop:after-throwing method="pointcut1AfterThrowing" pointcut-ref="pointcut2" throwing="throwable"/>
		</aop:aspect>
	</aop:config>
	
</beans>